<?xml version="1.0" encoding="UTF-8"?>
<testng-results ignored="0" total="1" passed="1" failed="0" skipped="0">
  <reporter-output>
  </reporter-output>
  <suite started-at="2023-05-31T06:29:52Z" name="Suite1" finished-at="2023-05-31T06:29:52Z" duration-ms="304">
    <groups>
      <group name="cucumber">
        <method signature="AbstractTestNGCucumberTests.runScenario(io.cucumber.testng.PickleWrapper, io.cucumber.testng.FeatureWrapper)[pri:0, instance:Runners.TestRunner@1f53a5dc]" name="runScenario" class="io.cucumber.testng.AbstractTestNGCucumberTests"/>
      </group> <!-- cucumber -->
    </groups>
    <test started-at="2023-05-31T06:29:52Z" name="Nopackage" finished-at="2023-05-31T06:29:52Z" duration-ms="304">
      <class name="Runners.TestRunner">
        <test-method is-config="true" signature="setUpClass(org.testng.ITestContext)[pri:0, instance:Runners.TestRunner@1f53a5dc]" started-at="2023-05-31T06:29:52Z" name="setUpClass" finished-at="2023-05-31T06:29:52Z" duration-ms="196" status="PASS">
          <params>
            <param index="0">
              <value>
                <![CDATA[org.testng.TestRunner@3d4d3fe7]]>
              </value>
            </param>
          </params>
          <reporter-output>
          </reporter-output>
        </test-method> <!-- setUpClass -->
        <test-method signature="runScenario(io.cucumber.testng.PickleWrapper, io.cucumber.testng.FeatureWrapper)[pri:0, instance:Runners.TestRunner@1f53a5dc]" started-at="2023-05-31T06:29:52Z" name="runScenario" description="Runs Cucumber Scenarios" data-provider="scenarios" finished-at="2023-05-31T06:29:52Z" duration-ms="85" status="PASS">
          <params>
            <param index="0">
              <value>
                <![CDATA["login to amazon account"]]>
              </value>
            </param>
            <param index="1">
              <value>
                <![CDATA["login to amazon account"]]>
              </value>
            </param>
          </params>
          <reporter-output>
          </reporter-output>
        </test-method> <!-- runScenario -->
        <test-method is-config="true" signature="tearDownClass()[pri:0, instance:Runners.TestRunner@1f53a5dc]" started-at="2023-05-31T06:29:52Z" name="tearDownClass" finished-at="2023-05-31T06:29:52Z" duration-ms="9" status="PASS">
          <reporter-output>
          </reporter-output>
        </test-method> <!-- tearDownClass -->
      </class> <!-- Runners.TestRunner -->
    </test> <!-- Nopackage -->
  </suite> <!-- Suite1 -->
</testng-results>
